  Source.cpp
  httpServer.cpp
c:\users\craig\source\repos\test\assig 2\assig 2\httpserver.cpp(55): error C3861: 'startThreads': identifier not found
  httpDispacher.cpp
c:\program files (x86)\microsoft visual studio 14.0\vc\include\thr\xthread(238): error C2672: 'std::invoke': no matching overloaded function found
  c:\program files (x86)\microsoft visual studio 14.0\vc\include\thr\xthread(247): note: see reference to function template instantiation 'void std::_LaunchPad<_Target>::_Execute<0>(std::tuple<void (__thiscall httpDispacher::* )(void)> &,std::integer_sequence<_Ty,0>)' being compiled
          with
          [
              _Target=std::unique_ptr<std::tuple<void (__thiscall httpDispacher::* )(void)>,std::default_delete<std::tuple<void (__thiscall httpDispacher::* )(void)>>>,
              _Ty=size_t
          ]
  c:\program files (x86)\microsoft visual studio 14.0\vc\include\thr\xthread(245): note: see reference to function template instantiation 'void std::_LaunchPad<_Target>::_Execute<0>(std::tuple<void (__thiscall httpDispacher::* )(void)> &,std::integer_sequence<_Ty,0>)' being compiled
          with
          [
              _Target=std::unique_ptr<std::tuple<void (__thiscall httpDispacher::* )(void)>,std::default_delete<std::tuple<void (__thiscall httpDispacher::* )(void)>>>,
              _Ty=size_t
          ]
  c:\program files (x86)\microsoft visual studio 14.0\vc\include\thr\xthread(242): note: while compiling class template member function 'void std::_LaunchPad<_Target>::_Run(std::_LaunchPad<_Target> *) noexcept'
          with
          [
              _Target=std::unique_ptr<std::tuple<void (__thiscall httpDispacher::* )(void)>,std::default_delete<std::tuple<void (__thiscall httpDispacher::* )(void)>>>
          ]
  c:\program files (x86)\microsoft visual studio 14.0\vc\include\thr\xthread(230): note: see reference to function template instantiation 'void std::_LaunchPad<_Target>::_Run(std::_LaunchPad<_Target> *) noexcept' being compiled
          with
          [
              _Target=std::unique_ptr<std::tuple<void (__thiscall httpDispacher::* )(void)>,std::default_delete<std::tuple<void (__thiscall httpDispacher::* )(void)>>>
          ]
  c:\program files (x86)\microsoft visual studio 14.0\vc\include\thr\xthread(256): note: see reference to class template instantiation 'std::_LaunchPad<_Target>' being compiled
          with
          [
              _Target=std::unique_ptr<std::tuple<void (__thiscall httpDispacher::* )(void)>,std::default_delete<std::tuple<void (__thiscall httpDispacher::* )(void)>>>
          ]
  c:\program files (x86)\microsoft visual studio 14.0\vc\include\thread(52): note: see reference to function template instantiation 'void std::_Launch<std::unique_ptr<std::tuple<void (__thiscall httpDispacher::* )(void)>,std::default_delete<_Ty>>>(_Thrd_t *,_Target &&)' being compiled
          with
          [
              _Ty=std::tuple<void (__thiscall httpDispacher::* )(void)>,
              _Target=std::unique_ptr<std::tuple<void (__thiscall httpDispacher::* )(void)>,std::default_delete<std::tuple<void (__thiscall httpDispacher::* )(void)>>>
          ]
  c:\users\craig\source\repos\test\assig 2\assig 2\httpdispacher.cpp(28): note: see reference to function template instantiation 'std::thread::thread<void(__thiscall httpDispacher::* )(void),,void>(_Fn &&)' being compiled
          with
          [
              _Fn=void (__thiscall httpDispacher::* )(void)
          ]
c:\program files (x86)\microsoft visual studio 14.0\vc\include\thr\xthread(238): error C2893: Failed to specialize function template 'unknown-type std::invoke(_Callable &&,_Types &&...)'
  c:\program files (x86)\microsoft visual studio 14.0\vc\include\thr\xthread(238): note: With the following template arguments:
  c:\program files (x86)\microsoft visual studio 14.0\vc\include\thr\xthread(238): note: '_Callable=void (__thiscall httpDispacher::* )(void)'
  c:\program files (x86)\microsoft visual studio 14.0\vc\include\thr\xthread(238): note: '_Types={}'
  Generating Code...
